<?xml version="1.0" encoding="UTF-8"?>
<testng-results skipped="0" failed="0" ignored="1" total="2" passed="1">
  <reporter-output>
  </reporter-output>
  <suite name="UpsLoginPageTest Suite" duration-ms="14775" started-at="2021-01-11T10:25:49 PST" finished-at="2021-01-11T10:26:04 PST">
    <groups>
      <group name="SanityTest">
        <method signature="UpsLoginTestRunner.loginErrorMsgTest()[pri:1, instance:com.ups.testRunner.UpsLoginTestRunner@1e965684]" name="loginErrorMsgTest" class="com.ups.testRunner.UpsLoginTestRunner"/>
      </group> <!-- SanityTest -->
    </groups>
    <test name="UpsLoginPageTest" duration-ms="14775" started-at="2021-01-11T10:25:49 PST" finished-at="2021-01-11T10:26:04 PST">
      <class name="com.ups.testRunner.UpsLoginTestRunner">
        <test-method status="PASS" signature="beforeMethod(java.lang.String)[pri:0, instance:com.ups.testRunner.UpsLoginTestRunner@1e965684]" name="beforeMethod" is-config="true" duration-ms="10314" started-at="2021-01-11T10:25:49 PST" finished-at="2021-01-11T10:25:59 PST">
          <params>
            <param index="0">
              <value>
                <![CDATA[ChromeBrowser]]>
              </value>
            </param>
          </params>
          <reporter-output>
          </reporter-output>
        </test-method> <!-- beforeMethod -->
        <test-method status="PASS" signature="loginErrorMsgTest()[pri:1, instance:com.ups.testRunner.UpsLoginTestRunner@1e965684]" name="loginErrorMsgTest" duration-ms="2328" started-at="2021-01-11T10:25:59 PST" finished-at="2021-01-11T10:26:01 PST">
          <reporter-output>
          </reporter-output>
        </test-method> <!-- loginErrorMsgTest -->
        <test-method status="PASS" signature="afterMethod()[pri:0, instance:com.ups.testRunner.UpsLoginTestRunner@1e965684]" name="afterMethod" is-config="true" duration-ms="2098" started-at="2021-01-11T10:26:01 PST" finished-at="2021-01-11T10:26:04 PST">
          <reporter-output>
          </reporter-output>
        </test-method> <!-- afterMethod -->
      </class> <!-- com.ups.testRunner.UpsLoginTestRunner -->
    </test> <!-- UpsLoginPageTest -->
  </suite> <!-- UpsLoginPageTest Suite -->
</testng-results>
