<?xml version="1.0" encoding="UTF-8"?>
<testng-results skipped="0" failed="0" ignored="0" total="2" passed="2">
  <reporter-output>
  </reporter-output>
  <suite name="Default suite" duration-ms="28217" started-at="2020-12-05T19:02:26 EST" finished-at="2020-12-05T19:02:54 EST">
    <groups>
      <group name="SanityTest">
        <method signature="UpsLoginTestRunner.loginErrorMsgTest()[pri:1, instance:com.ups.testRunner.UpsLoginTestRunner@184f6be2]" name="loginErrorMsgTest" class="com.ups.testRunner.UpsLoginTestRunner"/>
      </group> <!-- SanityTest -->
      <group name="RegressionTest">
        <method signature="UpsLoginTestRunner.forgotLinkTest()[pri:2, instance:com.ups.testRunner.UpsLoginTestRunner@184f6be2]" name="forgotLinkTest" class="com.ups.testRunner.UpsLoginTestRunner"/>
      </group> <!-- RegressionTest -->
    </groups>
    <test name="Default test" duration-ms="28217" started-at="2020-12-05T19:02:26 EST" finished-at="2020-12-05T19:02:54 EST">
      <class name="com.ups.testRunner.UpsLoginTestRunner">
        <test-method status="PASS" signature="beforeMethod()[pri:0, instance:com.ups.testRunner.UpsLoginTestRunner@184f6be2]" name="beforeMethod" is-config="true" duration-ms="10087" started-at="2020-12-05T19:02:26 EST" finished-at="2020-12-05T19:02:36 EST">
          <reporter-output>
          </reporter-output>
        </test-method> <!-- beforeMethod -->
        <test-method status="PASS" signature="loginErrorMsgTest()[pri:1, instance:com.ups.testRunner.UpsLoginTestRunner@184f6be2]" name="loginErrorMsgTest" duration-ms="2755" started-at="2020-12-05T19:02:36 EST" finished-at="2020-12-05T19:02:39 EST">
          <reporter-output>
          </reporter-output>
        </test-method> <!-- loginErrorMsgTest -->
        <test-method status="PASS" signature="afterMethod()[pri:0, instance:com.ups.testRunner.UpsLoginTestRunner@184f6be2]" name="afterMethod" is-config="true" duration-ms="2178" started-at="2020-12-05T19:02:39 EST" finished-at="2020-12-05T19:02:41 EST">
          <reporter-output>
          </reporter-output>
        </test-method> <!-- afterMethod -->
        <test-method status="PASS" signature="beforeMethod()[pri:0, instance:com.ups.testRunner.UpsLoginTestRunner@184f6be2]" name="beforeMethod" is-config="true" duration-ms="8735" started-at="2020-12-05T19:02:41 EST" finished-at="2020-12-05T19:02:50 EST">
          <reporter-output>
          </reporter-output>
        </test-method> <!-- beforeMethod -->
        <test-method status="PASS" signature="forgotLinkTest()[pri:2, instance:com.ups.testRunner.UpsLoginTestRunner@184f6be2]" name="forgotLinkTest" duration-ms="2242" started-at="2020-12-05T19:02:50 EST" finished-at="2020-12-05T19:02:52 EST">
          <reporter-output>
          </reporter-output>
        </test-method> <!-- forgotLinkTest -->
        <test-method status="PASS" signature="afterMethod()[pri:0, instance:com.ups.testRunner.UpsLoginTestRunner@184f6be2]" name="afterMethod" is-config="true" duration-ms="2168" started-at="2020-12-05T19:02:52 EST" finished-at="2020-12-05T19:02:54 EST">
          <reporter-output>
          </reporter-output>
        </test-method> <!-- afterMethod -->
      </class> <!-- com.ups.testRunner.UpsLoginTestRunner -->
    </test> <!-- Default test -->
  </suite> <!-- Default suite -->
</testng-results>
