<?xml version="1.0" encoding="UTF-8"?>
<!-- Generated by org.testng.reporters.JUnitXMLReporter -->
<testsuite hostname="DESKTOP-NRVSE5R" ignored="1" name="UpsLoginPageTest" tests="1" failures="0" timestamp="2021-01-11T10:26:04 PST" time="14.775" errors="0">
  <testcase name="loginErrorMsgTest" time="2.328" classname="com.ups.testRunner.UpsLoginTestRunner"/>
  <testcase name="forgotLinkTest" time="0.0" classname="com.ups.testRunner.UpsLoginTestRunner">
    <ignored/>
  </testcase> <!-- forgotLinkTest -->
</testsuite> <!-- UpsLoginPageTest -->
